<?xml version="1.0" encoding="UTF-8"?>
<testng-results skipped="0" failed="0" total="1" passed="1">
  <reporter-output>
  </reporter-output>
  <suite name="Default suite" duration-ms="10493" started-at="2016-10-22T06:16:17Z" finished-at="2016-10-22T06:16:27Z">
    <groups>
    </groups>
    <test name="Default test" duration-ms="10493" started-at="2016-10-22T06:16:17Z" finished-at="2016-10-22T06:16:27Z">
      <class name="GridExample">
        <test-method status="PASS" signature="setup()[pri:0, instance:GridExample@357246de]" name="setup" duration-ms="10460" started-at="2016-10-22T11:46:17Z" finished-at="2016-10-22T11:46:27Z">
          <reporter-output>
          </reporter-output>
        </test-method> <!-- setup -->
      </class> <!-- GridExample -->
    </test> <!-- Default test -->
  </suite> <!-- Default suite -->
</testng-results>
